<?xml version="1.0" encoding="UTF-8" ?>
<testsuite tests="3" failures="0" name="com.jacocodemo.MessagesTest" time="0.012" errors="0" skipped="0">
  <properties>
[...]
</properties>
  <testcase classname="com.jacocodemo.MessagesTest" name="com.jacocodemo.MessagesTest.testNameBlank" time="0.012"/>
  <testcase classname="com.jacocodemo.MessagesTest" name="com.jacocodemo.MessagesTest.testNameNull" time="0"/>
  <testcase classname="com.jacocodemo.MessagesTest" name="com.jacocodemo.MessagesTest.testNameDailyCodeBuffer" time="0"/>
</testsuite>